<?xml version="1.0" encoding="UTF-8"?>
<testsuite xmlns:xsi="http://www.w3.org/2001/XMLSchema-instance" xsi:noNamespaceSchemaLocation="https://maven.apache.org/surefire/maven-surefire-plugin/xsd/surefire-test-report.xsd" name="TestRunner" time="71.855" tests="6" errors="2" skipped="3" failures="0">
  <properties>
[...]
</properties>
  <testcase name="Given Launch amazon website" classname="Scenario: Search for product and proceed to checkout" time="0.001"/>
  <testcase name="When I search for product and select the first item" classname="Scenario: Search for product and proceed to checkout" time="0.009">
    <error message="no such element: Unable to locate element: {&quot;method&quot;:&quot;xpath&quot;,&quot;selector&quot;:&quot;//*[@id=&quot;search&quot;]/div[1]/div[2]/div/span[3]/div[2]/div[1]/div/span/div/div/div[2]/h2/a/span&quot;}&#10;  (Session info: chrome=89.0.4389.90)&#10;For documentation on this error, please visit: https://www.seleniumhq.org/exceptions/no_such_element.html&#10;Build info: version: &apos;3.141.59&apos;, revision: &apos;e82be7d358&apos;, time: &apos;2018-11-14T08:17:03&apos;&#10;System info: host: &apos;Rifatras-MacBook-Pro.local&apos;, ip: &apos;2a02:8084:26e1:7380:c1db:51cb:77e0:834d%en0&apos;, os.name: &apos;Mac OS X&apos;, os.arch: &apos;x86_64&apos;, os.version: &apos;10.14.6&apos;, java.version: &apos;1.8.0_192&apos;&#10;Driver info: org.openqa.selenium.chrome.ChromeDriver&#10;Capabilities {acceptInsecureCerts: false, browserName: chrome, browserVersion: 89.0.4389.90, chrome: {chromedriverVersion: 89.0.4389.23 (61b08ee2c5002..., userDataDir: /var/folders/34/ncc86ggn399...}, goog:chromeOptions: {debuggerAddress: localhost:61956}, javascriptEnabled: true, networkConnectionEnabled: false, pageLoadStrategy: normal, platform: MAC, platformName: MAC, proxy: Proxy(), setWindowRect: true, strictFileInteractability: false, timeouts: {implicit: 0, pageLoad: 300000, script: 30000}, unhandledPromptBehavior: dismiss and notify, webauthn:extension:largeBlob: true, webauthn:virtualAuthenticators: true}&#10;Session ID: d6dc6dbb08a74fe1b9a169d91bb5a4b8&#10;*** Element info: {Using=xpath, value=//*[@id=&quot;search&quot;]/div[1]/div[2]/div/span[3]/div[2]/div[1]/div/span/div/div/div[2]/h2/a/span}" type="org.openqa.selenium.NoSuchElementException">org.openqa.selenium.NoSuchElementException: 
no such element: Unable to locate element: {"method":"xpath","selector":"//*[@id="search"]/div[1]/div[2]/div/span[3]/div[2]/div[1]/div/span/div/div/div[2]/h2/a/span"}
  (Session info: chrome=89.0.4389.90)
For documentation on this error, please visit: https://www.seleniumhq.org/exceptions/no_such_element.html
Build info: version: '3.141.59', revision: 'e82be7d358', time: '2018-11-14T08:17:03'
System info: host: 'Rifatras-MacBook-Pro.local', ip: '2a02:8084:26e1:7380:c1db:51cb:77e0:834d%en0', os.name: 'Mac OS X', os.arch: 'x86_64', os.version: '10.14.6', java.version: '1.8.0_192'
Driver info: org.openqa.selenium.chrome.ChromeDriver
Capabilities {acceptInsecureCerts: false, browserName: chrome, browserVersion: 89.0.4389.90, chrome: {chromedriverVersion: 89.0.4389.23 (61b08ee2c5002..., userDataDir: /var/folders/34/ncc86ggn399...}, goog:chromeOptions: {debuggerAddress: localhost:61956}, javascriptEnabled: true, networkConnectionEnabled: false, pageLoadStrategy: normal, platform: MAC, platformName: MAC, proxy: Proxy(), setWindowRect: true, strictFileInteractability: false, timeouts: {implicit: 0, pageLoad: 300000, script: 30000}, unhandledPromptBehavior: dismiss and notify, webauthn:extension:largeBlob: true, webauthn:virtualAuthenticators: true}
Session ID: d6dc6dbb08a74fe1b9a169d91bb5a4b8
*** Element info: {Using=xpath, value=//*[@id="search"]/div[1]/div[2]/div/span[3]/div[2]/div[1]/div/span/div/div/div[2]/h2/a/span}
</error>
  </testcase>
  <testcase name="Scenario: Search for product and proceed to checkout" classname="Scenario: Search for product and proceed to checkout" time="0.01">
    <error message="no such element: Unable to locate element: {&quot;method&quot;:&quot;xpath&quot;,&quot;selector&quot;:&quot;//*[@id=&quot;search&quot;]/div[1]/div[2]/div/span[3]/div[2]/div[1]/div/span/div/div/div[2]/h2/a/span&quot;}&#10;  (Session info: chrome=89.0.4389.90)&#10;For documentation on this error, please visit: https://www.seleniumhq.org/exceptions/no_such_element.html&#10;Build info: version: &apos;3.141.59&apos;, revision: &apos;e82be7d358&apos;, time: &apos;2018-11-14T08:17:03&apos;&#10;System info: host: &apos;Rifatras-MacBook-Pro.local&apos;, ip: &apos;2a02:8084:26e1:7380:c1db:51cb:77e0:834d%en0&apos;, os.name: &apos;Mac OS X&apos;, os.arch: &apos;x86_64&apos;, os.version: &apos;10.14.6&apos;, java.version: &apos;1.8.0_192&apos;&#10;Driver info: org.openqa.selenium.chrome.ChromeDriver&#10;Capabilities {acceptInsecureCerts: false, browserName: chrome, browserVersion: 89.0.4389.90, chrome: {chromedriverVersion: 89.0.4389.23 (61b08ee2c5002..., userDataDir: /var/folders/34/ncc86ggn399...}, goog:chromeOptions: {debuggerAddress: localhost:61956}, javascriptEnabled: true, networkConnectionEnabled: false, pageLoadStrategy: normal, platform: MAC, platformName: MAC, proxy: Proxy(), setWindowRect: true, strictFileInteractability: false, timeouts: {implicit: 0, pageLoad: 300000, script: 30000}, unhandledPromptBehavior: dismiss and notify, webauthn:extension:largeBlob: true, webauthn:virtualAuthenticators: true}&#10;Session ID: d6dc6dbb08a74fe1b9a169d91bb5a4b8&#10;*** Element info: {Using=xpath, value=//*[@id=&quot;search&quot;]/div[1]/div[2]/div/span[3]/div[2]/div[1]/div/span/div/div/div[2]/h2/a/span}" type="org.openqa.selenium.NoSuchElementException">org.openqa.selenium.NoSuchElementException: 
no such element: Unable to locate element: {"method":"xpath","selector":"//*[@id="search"]/div[1]/div[2]/div/span[3]/div[2]/div[1]/div/span/div/div/div[2]/h2/a/span"}
  (Session info: chrome=89.0.4389.90)
For documentation on this error, please visit: https://www.seleniumhq.org/exceptions/no_such_element.html
Build info: version: '3.141.59', revision: 'e82be7d358', time: '2018-11-14T08:17:03'
System info: host: 'Rifatras-MacBook-Pro.local', ip: '2a02:8084:26e1:7380:c1db:51cb:77e0:834d%en0', os.name: 'Mac OS X', os.arch: 'x86_64', os.version: '10.14.6', java.version: '1.8.0_192'
Driver info: org.openqa.selenium.chrome.ChromeDriver
Capabilities {acceptInsecureCerts: false, browserName: chrome, browserVersion: 89.0.4389.90, chrome: {chromedriverVersion: 89.0.4389.23 (61b08ee2c5002..., userDataDir: /var/folders/34/ncc86ggn399...}, goog:chromeOptions: {debuggerAddress: localhost:61956}, javascriptEnabled: true, networkConnectionEnabled: false, pageLoadStrategy: normal, platform: MAC, platformName: MAC, proxy: Proxy(), setWindowRect: true, strictFileInteractability: false, timeouts: {implicit: 0, pageLoad: 300000, script: 30000}, unhandledPromptBehavior: dismiss and notify, webauthn:extension:largeBlob: true, webauthn:virtualAuthenticators: true}
Session ID: d6dc6dbb08a74fe1b9a169d91bb5a4b8
*** Element info: {Using=xpath, value=//*[@id="search"]/div[1]/div[2]/div/span[3]/div[2]/div[1]/div/span/div/div/div[2]/h2/a/span}
</error>
  </testcase>
  <testcase name="Then I add the product to cart and verify the price" classname="Scenario: Search for product and proceed to checkout" time="0">
    <skipped/>
  </testcase>
  <testcase name="When I click on proceed to checkout and login" classname="Scenario: Search for product and proceed to checkout" time="0">
    <skipped/>
  </testcase>
  <testcase name="Then I verify the price of the product on checkout page" classname="Scenario: Search for product and proceed to checkout" time="0">
    <skipped/>
  </testcase>
</testsuite>